<?xml version="1.0" encoding="UTF-8"?>
<!-- Generated by org.testng.reporters.JUnitReportReporter -->
<testsuite hostname="DESKTOP-R4F0LPU" failures="0" tests="2" name="testNG.Parallel" time="26.430" errors="0" timestamp="2021-02-09T13:08:42 IST" skipped="0">
  <testcase classname="testNG.Parallel" name="FaceBook" time="12.995"/>
  <system-out/>
  <testcase classname="testNG.Parallel" name="amazone" time="13.435"/>
  <system-out/>
</testsuite> <!-- testNG.Parallel -->
