<?xml version="1.0" encoding="UTF-8"?>
<!-- Generated by org.testng.reporters.JUnitReportReporter -->
<testsuite hostname="DESKTOP-R4F0LPU" failures="0" tests="2" name="testNG.Simple_Automation" time="0.023" errors="0" timestamp="2021-02-09T12:44:43 IST" skipped="0">
  <testcase classname="testNG.Simple_Automation" name="SearchMobile" time="0.005"/>
  <system-out/>
  <testcase classname="testNG.Simple_Automation" name="SearchLaptop" time="0.018"/>
  <system-out/>
</testsuite> <!-- testNG.Simple_Automation -->
