<?xml version="1.0" encoding="UTF-8"?>
<!-- Generated by org.testng.reporters.JUnitReportReporter -->
<testsuite hostname="DESKTOP-R4F0LPU" failures="0" tests="3" name="testNG.Grouping_test" time="0.045" errors="0" timestamp="2021-02-09T16:53:17 IST" skipped="0">
  <testcase classname="testNG.Grouping_test" name="bankName" time="0.025"/>
  <system-out/>
  <testcase classname="testNG.Grouping_test" name="empId" time="0.005"/>
  <system-out/>
  <testcase classname="testNG.Grouping_test" name="accountNum" time="0.015"/>
  <system-out/>
</testsuite> <!-- testNG.Grouping_test -->
